TN:
SF:src/NftMarketplace.sol
DA:27,7
FN:27,NftMarketplace.nftV2Exists
FNDA:7,NftMarketplace.nftV2Exists
DA:28,7
DA:58,36
FN:58,NftMarketplace.getMyNftsListedV2
FNDA:36,NftMarketplace.getMyNftsListedV2
DA:59,36
DA:62,25
FN:62,NftMarketplace.getNftV2
FNDA:25,NftMarketplace.getNftV2
DA:66,25
DA:69,19
FN:69,NftMarketplace.sellNftV2
FNDA:19,NftMarketplace.sellNftV2
DA:76,19
BRDA:76,0,0,1
BRDA:76,0,1,18
DA:81,18
DA:82,18
BRDA:82,1,0,1
BRDA:82,1,1,17
DA:84,17
BRDA:84,2,0,2
BRDA:84,2,1,15
DA:86,15
DA:94,15
DA:95,15
DA:96,15
DA:98,15
DA:107,3
FN:107,NftMarketplace.cancelSellV2
FNDA:3,NftMarketplace.cancelSellV2
DA:112,2
BRDA:112,3,0,1
BRDA:112,3,1,1
DA:117,1
DA:119,1
DA:122,7
FN:122,NftMarketplace.buyNftV2
FNDA:7,NftMarketplace.buyNftV2
DA:126,6
DA:128,6
DA:130,6
BRDA:130,4,0,3
BRDA:130,4,1,3
DA:132,3
DA:135,3
DA:139,3
FN:139,NftMarketplace._buyWithEther
FNDA:3,NftMarketplace._buyWithEther
DA:144,3
BRDA:144,5,0,1
BRDA:144,5,1,2
DA:146,2
DA:147,2
BRDA:147,6,0,1
BRDA:147,6,1,1
DA:150,1
DA:153,1
DA:159,1
DA:160,1
DA:162,1
DA:163,1
BRDA:163,7,0,-
BRDA:163,7,1,1
DA:165,1
DA:176,3
FN:176,NftMarketplace._buyWithToken
FNDA:3,NftMarketplace._buyWithToken
DA:181,3
BRDA:181,8,0,1
BRDA:181,8,1,2
DA:183,2
DA:185,2
DA:186,2
DA:188,2
DA:189,2
BRDA:189,9,0,1
BRDA:189,9,1,1
DA:192,1
DA:194,1
DA:200,1
BRDA:200,10,0,-
BRDA:200,10,1,1
DA:203,1
DA:209,1
DA:210,1
DA:212,1
DA:218,1
BRDA:218,11,0,-
BRDA:218,11,1,1
DA:220,1
DA:231,2
FN:231,NftMarketplace.changeMarketplaceFee
FNDA:2,NftMarketplace.changeMarketplaceFee
DA:232,1
DA:235,3
FN:235,NftMarketplace._removeNftV2
FNDA:3,NftMarketplace._removeNftV2
DA:241,3
DA:243,3
DA:245,3
DA:246,3
BRDA:246,12,0,3
DA:247,3
DA:248,3
DA:249,3
DA:254,10
FN:254,NftMarketplace._nftV2Exists
FNDA:10,NftMarketplace._nftV2Exists
DA:258,10
BRDA:258,13,0,2
BRDA:258,13,1,8
FNF:11
FNH:11
LF:65
LH:65
BRF:27
BRH:24
end_of_record
TN:
SF:test/NftMarketplaceTest.t.sol
DA:18,2
FN:18,MockUsdt.mint
FNDA:2,MockUsdt.mint
DA:19,2
FNF:1
FNH:1
LF:2
LH:2
BRF:0
BRH:0
end_of_record
