TN:
SF:src/NftMarketplace.sol
DA:27,8
FN:27,NftMarketplace.nftV2Exists
FNDA:8,NftMarketplace.nftV2Exists
DA:28,8
DA:32,1
FN:32,NftMarketplace.validateAmount
FNDA:1,NftMarketplace.validateAmount
DA:33,1
DA:63,39
FN:63,NftMarketplace.getMyNftsListedV2
FNDA:39,NftMarketplace.getMyNftsListedV2
DA:64,39
DA:67,29
FN:67,NftMarketplace.getNftV2
FNDA:29,NftMarketplace.getNftV2
DA:71,29
DA:74,20
FN:74,NftMarketplace.sellNftV2
FNDA:20,NftMarketplace.sellNftV2
DA:81,20
BRDA:81,0,0,1
BRDA:81,0,1,19
DA:86,19
DA:87,19
BRDA:87,1,0,1
BRDA:87,1,1,18
DA:89,18
BRDA:89,2,0,2
BRDA:89,2,1,16
DA:91,16
DA:99,16
DA:100,16
DA:101,16
DA:103,16
DA:112,3
FN:112,NftMarketplace.cancelSellV2
FNDA:3,NftMarketplace.cancelSellV2
DA:117,2
BRDA:117,3,0,1
BRDA:117,3,1,1
DA:122,1
DA:124,1
DA:127,8
FN:127,NftMarketplace.buyNftV2
FNDA:8,NftMarketplace.buyNftV2
DA:131,7
DA:133,7
DA:135,7
BRDA:135,4,0,4
BRDA:135,4,1,3
DA:137,4
DA:140,3
DA:144,4
FN:144,NftMarketplace._buyWithEther
FNDA:4,NftMarketplace._buyWithEther
DA:149,4
BRDA:149,5,0,1
BRDA:149,5,1,3
DA:151,3
DA:152,3
BRDA:152,6,0,1
BRDA:152,6,1,2
DA:155,2
DA:158,2
DA:164,2
DA:165,2
DA:167,2
DA:168,2
BRDA:168,7,0,1
BRDA:168,7,1,1
DA:170,1
DA:181,3
FN:181,NftMarketplace._buyWithToken
FNDA:3,NftMarketplace._buyWithToken
DA:186,3
BRDA:186,8,0,1
BRDA:186,8,1,2
DA:188,2
DA:190,2
DA:191,2
DA:193,2
DA:194,2
BRDA:194,9,0,1
BRDA:194,9,1,1
DA:197,1
DA:199,1
DA:205,1
BRDA:205,10,0,-
BRDA:205,10,1,1
DA:208,1
DA:214,1
DA:215,1
DA:217,1
DA:223,1
BRDA:223,11,0,-
BRDA:223,11,1,1
DA:225,1
DA:236,2
FN:236,NftMarketplace.changeMarketplaceFee
FNDA:2,NftMarketplace.changeMarketplaceFee
DA:237,1
DA:242,2
FN:242,NftMarketplace.withdrawEther
FNDA:2,NftMarketplace.withdrawEther
DA:245,1
DA:246,1
BRDA:246,12,0,-
BRDA:246,12,1,1
DA:249,2
FN:249,NftMarketplace.withdrawErc20
FNDA:2,NftMarketplace.withdrawErc20
DA:253,1
DA:254,1
BRDA:254,13,0,-
BRDA:254,13,1,1
DA:257,4
FN:257,NftMarketplace._removeNftV2
FNDA:4,NftMarketplace._removeNftV2
DA:263,4
DA:265,4
DA:267,4
DA:268,4
BRDA:268,14,0,4
DA:269,4
DA:270,4
DA:271,4
DA:276,11
FN:276,NftMarketplace._nftV2Exists
FNDA:11,NftMarketplace._nftV2Exists
DA:280,11
BRDA:280,15,0,2
BRDA:280,15,1,9
DA:286,2
FN:286,NftMarketplace._isValidAmount
FNDA:2,NftMarketplace._isValidAmount
DA:287,2
BRDA:287,16,0,-
BRDA:287,16,1,2
FNF:15
FNH:15
LF:75
LH:75
BRF:33
BRH:28
end_of_record
TN:
SF:test/NftMarketplaceTest.t.sol
DA:20,4
FN:20,MockUsdt.mint
FNDA:4,MockUsdt.mint
DA:21,4
DA:26,1
FN:26,MockUserCantReceive.receive
FNDA:1,MockUserCantReceive.receive
DA:27,1
DA:30,1
FN:30,MockUserCantReceive.onERC721Received
FNDA:1,MockUserCantReceive.onERC721Received
DA:36,1
FNF:3
FNH:3
LF:6
LH:6
BRF:0
BRH:0
end_of_record
